nohup: ignoring input
Starting a Gradle Daemon (subsequent builds will be faster)
> Task :checkKotlinGradlePluginConfigurationErrors
> Task :compileKotlin UP-TO-DATE
> Task :compileJava NO-SOURCE
> Task :processResources UP-TO-DATE
> Task :classes UP-TO-DATE
> Task :resolveMainClassName UP-TO-DATE

> Task :bootRun

  .   ____          _            __ _ _
 /\\ / ___'_ __ _ _(_)_ __  __ _ \ \ \ \
( ( )\___ | '_ | '_| | '_ \/ _` | \ \ \ \
 \\/  ___)| |_)| | | | | || (_| |  ) ) ) )
  '  |____| .__|_| |_|_| |_\__, | / / / /
 =========|_|==============|___/=/_/_/_/

 :: Spring Boot ::               (v3.4.12)

2025-12-18T10:37:30.110Z  INFO 65842 --- [  restartedMain] com.example.demo.DemoApplicationKt       : Starting DemoApplicationKt using Java 17.0.17 with PID 65842 (/home/ruben/Desktop/ERP/demo/demo/demo/build/classes/kotlin/main started by ruben in /home/ruben/Desktop/ERP/demo/demo/demo)
2025-12-18T10:37:30.114Z  INFO 65842 --- [  restartedMain] com.example.demo.DemoApplicationKt       : No active profile set, falling back to 1 default profile: "default"
2025-12-18T10:37:30.150Z  INFO 65842 --- [  restartedMain] .e.DevToolsPropertyDefaultsPostProcessor : Devtools property defaults active! Set 'spring.devtools.add-properties' to 'false' to disable
2025-12-18T10:37:30.150Z  INFO 65842 --- [  restartedMain] .e.DevToolsPropertyDefaultsPostProcessor : For additional web related logging consider setting the 'logging.level.web' property to 'DEBUG'
2025-12-18T10:37:30.687Z  INFO 65842 --- [  restartedMain] .s.d.r.c.RepositoryConfigurationDelegate : Bootstrapping Spring Data JPA repositories in DEFAULT mode.
2025-12-18T10:37:30.757Z  INFO 65842 --- [  restartedMain] .s.d.r.c.RepositoryConfigurationDelegate : Finished Spring Data repository scanning in 52 ms. Found 20 JPA repository interfaces.
2025-12-18T10:37:31.139Z  INFO 65842 --- [  restartedMain] o.s.b.w.embedded.tomcat.TomcatWebServer  : Tomcat initialized with port 8080 (http)
2025-12-18T10:37:31.148Z  INFO 65842 --- [  restartedMain] o.apache.catalina.core.StandardService   : Starting service [Tomcat]
2025-12-18T10:37:31.148Z  INFO 65842 --- [  restartedMain] o.apache.catalina.core.StandardEngine    : Starting Servlet engine: [Apache Tomcat/10.1.49]
2025-12-18T10:37:31.172Z  INFO 65842 --- [  restartedMain] o.a.c.c.C.[Tomcat].[localhost].[/]       : Initializing Spring embedded WebApplicationContext
2025-12-18T10:37:31.173Z  INFO 65842 --- [  restartedMain] w.s.c.ServletWebServerApplicationContext : Root WebApplicationContext: initialization completed in 1019 ms
2025-12-18T10:37:31.262Z  INFO 65842 --- [  restartedMain] o.hibernate.jpa.internal.util.LogHelper  : HHH000204: Processing PersistenceUnitInfo [name: default]
2025-12-18T10:37:31.286Z  INFO 65842 --- [  restartedMain] org.hibernate.Version                    : HHH000412: Hibernate ORM core version 6.6.36.Final
2025-12-18T10:37:31.303Z  INFO 65842 --- [  restartedMain] o.h.c.internal.RegionFactoryInitiator    : HHH000026: Second-level cache disabled
2025-12-18T10:37:31.455Z  INFO 65842 --- [  restartedMain] o.s.o.j.p.SpringPersistenceUnitInfo      : No LoadTimeWeaver setup: ignoring JPA class transformer
2025-12-18T10:37:31.472Z  INFO 65842 --- [  restartedMain] com.zaxxer.hikari.HikariDataSource       : HikariPool-1 - Starting...
2025-12-18T10:37:31.617Z  INFO 65842 --- [  restartedMain] com.zaxxer.hikari.pool.HikariPool        : HikariPool-1 - Added connection org.postgresql.jdbc.PgConnection@212ab08d
2025-12-18T10:37:31.618Z  INFO 65842 --- [  restartedMain] com.zaxxer.hikari.HikariDataSource       : HikariPool-1 - Start completed.
2025-12-18T10:37:31.646Z  WARN 65842 --- [  restartedMain] org.hibernate.orm.deprecation            : HHH90000025: PostgreSQLDialect does not need to be specified explicitly using 'hibernate.dialect' (remove the property setting and it will be selected by default)
2025-12-18T10:37:31.659Z  INFO 65842 --- [  restartedMain] org.hibernate.orm.connections.pooling    : HHH10001005: Database info:
	Database JDBC URL [Connecting through datasource 'HikariDataSource (HikariPool-1)']
	Database driver: undefined/unknown
	Database version: 14.20
	Autocommit mode: undefined/unknown
	Isolation level: undefined/unknown
	Minimum pool size: undefined/unknown
	Maximum pool size: undefined/unknown
2025-12-18T10:37:32.475Z  INFO 65842 --- [  restartedMain] o.h.e.t.j.p.i.JtaPlatformInitiator       : HHH000489: No JTA platform available (set 'hibernate.transaction.jta.platform' to enable JTA platform integration)
2025-12-18T10:37:32.623Z  INFO 65842 --- [  restartedMain] j.LocalContainerEntityManagerFactoryBean : Initialized JPA EntityManagerFactory for persistence unit 'default'
2025-12-18T10:37:32.988Z  INFO 65842 --- [  restartedMain] o.s.d.j.r.query.QueryEnhancerFactory     : Hibernate is in classpath; If applicable, HQL parser will be used.
2025-12-18T10:37:33.458Z  WARN 65842 --- [  restartedMain] JpaBaseConfiguration$JpaWebConfiguration : spring.jpa.open-in-view is enabled by default. Therefore, database queries may be performed during view rendering. Explicitly configure spring.jpa.open-in-view to disable this warning
2025-12-18T10:37:33.691Z  INFO 65842 --- [  restartedMain] o.s.b.d.a.OptionalLiveReloadServer       : LiveReload server is running on port 35729
2025-12-18T10:37:33.709Z  INFO 65842 --- [  restartedMain] o.s.b.w.embedded.tomcat.TomcatWebServer  : Tomcat started on port 8080 (http) with context path '/'
2025-12-18T10:37:33.716Z  INFO 65842 --- [  restartedMain] com.example.demo.DemoApplicationKt       : Started DemoApplicationKt in 3.87 seconds (process running for 4.152)
